<?xml version="1.0" encoding="UTF-8"?>
<testsuite name="consultaVuelosLatam" tests="2" skipped="0" failures="2" errors="0" timestamp="2022-05-03T06:09:14" hostname="DESKTOP-1EP5HQ0" time="51.419">
  <properties/>
  <testcase name="flights consultant in LATAM" classname="consultaVuelosLatam" time="26.726">
    <failure message="org.openqa.selenium.ElementNotInteractableException: element not interactable&#10;  (Session info: chrome=100.0.4896.127)&#10;Build info: version: '3.141.59', revision: 'e82be7d358', time: '2018-11-14T08:17:03'&#10;System info: host: 'DESKTOP-1EP5HQ0', ip: '192.168.1.24', os.name: 'Windows 10', os.arch: 'amd64', os.version: '10.0', java.version: '1.8.0_131'&#10;Driver info: org.openqa.selenium.chrome.ChromeDriver&#10;Capabilities {acceptInsecureCerts: false, browserName: chrome, browserVersion: 100.0.4896.127, chrome: {chromedriverVersion: 100.0.4896.60 (6a5d10861ce8..., userDataDir: C:\Users\user\AppData\Local...}, goog:chromeOptions: {debuggerAddress: localhost:52392}, javascriptEnabled: true, networkConnectionEnabled: false, pageLoadStrategy: normal, platform: WINDOWS, platformName: WINDOWS, proxy: Proxy(), setWindowRect: true, strictFileInteractability: false, timeouts: {implicit: 0, pageLoad: 300000, script: 30000}, unhandledPromptBehavior: dismiss and notify, webauthn:extension:credBlob: true, webauthn:extension:largeBlob: true, webauthn:virtualAuthenticators: true}&#10;Session ID: 72a379138d317504cc36fdb67ef079f1" type="org.openqa.selenium.ElementNotInteractableException">org.openqa.selenium.ElementNotInteractableException: element not interactable
  (Session info: chrome=100.0.4896.127)
Build info: version: '3.141.59', revision: 'e82be7d358', time: '2018-11-14T08:17:03'
System info: host: 'DESKTOP-1EP5HQ0', ip: '192.168.1.24', os.name: 'Windows 10', os.arch: 'amd64', os.version: '10.0', java.version: '1.8.0_131'
Driver info: org.openqa.selenium.chrome.ChromeDriver
Capabilities {acceptInsecureCerts: false, browserName: chrome, browserVersion: 100.0.4896.127, chrome: {chromedriverVersion: 100.0.4896.60 (6a5d10861ce8..., userDataDir: C:\Users\user\AppData\Local...}, goog:chromeOptions: {debuggerAddress: localhost:52392}, javascriptEnabled: true, networkConnectionEnabled: false, pageLoadStrategy: normal, platform: WINDOWS, platformName: WINDOWS, proxy: Proxy(), setWindowRect: true, strictFileInteractability: false, timeouts: {implicit: 0, pageLoad: 300000, script: 30000}, unhandledPromptBehavior: dismiss and notify, webauthn:extension:credBlob: true, webauthn:extension:largeBlob: true, webauthn:virtualAuthenticators: true}
Session ID: 72a379138d317504cc36fdb67ef079f1
	at sun.reflect.NativeConstructorAccessorImpl.newInstance0(Native Method)
	at sun.reflect.NativeConstructorAccessorImpl.newInstance(NativeConstructorAccessorImpl.java:62)
	at sun.reflect.DelegatingConstructorAccessorImpl.newInstance(DelegatingConstructorAccessorImpl.java:45)
	at java.lang.reflect.Constructor.newInstance(Constructor.java:423)
	at org.openqa.selenium.remote.http.W3CHttpResponseCodec.createException(W3CHttpResponseCodec.java:187)
	at org.openqa.selenium.remote.http.W3CHttpResponseCodec.decode(W3CHttpResponseCodec.java:122)
	at org.openqa.selenium.remote.http.W3CHttpResponseCodec.decode(W3CHttpResponseCodec.java:49)
	at org.openqa.selenium.remote.HttpCommandExecutor.execute(HttpCommandExecutor.java:158)
	at org.openqa.selenium.remote.service.DriverCommandExecutor.execute(DriverCommandExecutor.java:83)
	at org.openqa.selenium.remote.RemoteWebDriver.execute(RemoteWebDriver.java:552)
	at org.openqa.selenium.remote.RemoteWebElement.execute(RemoteWebElement.java:285)
	at org.openqa.selenium.remote.RemoteWebElement.click(RemoteWebElement.java:84)
	at net.serenitybdd.core.pages.WebElementFacadeImpl.click(WebElementFacadeImpl.java:1231)
	at net.serenitybdd.screenplay.actions.ClickOnTarget.performAs(ClickOnTarget.java:13)
	at net.serenitybdd.screenplay.actions.ClickOnTarget$ByteBuddy$NQDDvWcb.performAs$accessor$o1AkL5p9(Unknown Source)
	at sun.reflect.NativeMethodAccessorImpl.invoke0(Native Method)
	at sun.reflect.NativeMethodAccessorImpl.invoke(NativeMethodAccessorImpl.java:62)
	at sun.reflect.DelegatingMethodAccessorImpl.invoke(DelegatingMethodAccessorImpl.java:43)
	at java.lang.reflect.Method.invoke(Method.java:498)
	at net.thucydides.core.steps.StepInterceptor.invokeMethod(StepInterceptor.java:471)
	at net.thucydides.core.steps.StepInterceptor.executeTestStepMethod(StepInterceptor.java:451)
	at net.thucydides.core.steps.StepInterceptor.runTestStep(StepInterceptor.java:424)
	at net.thucydides.core.steps.StepInterceptor.runOrSkipMethod(StepInterceptor.java:180)
	at net.thucydides.core.steps.StepInterceptor.testStepResult(StepInterceptor.java:167)
	at net.thucydides.core.steps.StepInterceptor.intercept(StepInterceptor.java:75)
	at net.serenitybdd.screenplay.actions.ClickOnTarget$ByteBuddy$NQDDvWcb.performAs(Unknown Source)
	at net.serenitybdd.screenplay.Actor.performTask(Actor.java:233)
	at net.serenitybdd.screenplay.Actor.perform(Actor.java:214)
	at net.serenitybdd.screenplay.Actor.attemptsTo(Actor.java:171)
	at co.com.choucair.certification.retolatam.taks.ConsultaVuelosLatam.performAs(ConsultaVuelosLatam.java:32)
	at co.com.choucair.certification.retolatam.taks.ConsultaVuelosLatam$ByteBuddy$yZjLXeVP.performAs$accessor$OpN8FxzX(Unknown Source)
	at sun.reflect.NativeMethodAccessorImpl.invoke0(Native Method)
	at sun.reflect.NativeMethodAccessorImpl.invoke(NativeMethodAccessorImpl.java:62)
	at sun.reflect.DelegatingMethodAccessorImpl.invoke(DelegatingMethodAccessorImpl.java:43)
	at java.lang.reflect.Method.invoke(Method.java:498)
	at net.thucydides.core.steps.StepInterceptor.invokeMethod(StepInterceptor.java:471)
	at net.thucydides.core.steps.StepInterceptor.executeTestStepMethod(StepInterceptor.java:451)
	at net.thucydides.core.steps.StepInterceptor.runTestStep(StepInterceptor.java:424)
	at net.thucydides.core.steps.StepInterceptor.runOrSkipMethod(StepInterceptor.java:180)
	at net.thucydides.core.steps.StepInterceptor.testStepResult(StepInterceptor.java:167)
	at net.thucydides.core.steps.StepInterceptor.intercept(StepInterceptor.java:75)
	at co.com.choucair.certification.retolatam.taks.ConsultaVuelosLatam$ByteBuddy$yZjLXeVP.performAs(Unknown Source)
	at net.serenitybdd.screenplay.Actor.performTask(Actor.java:233)
	at net.serenitybdd.screenplay.Actor.perform(Actor.java:214)
	at net.serenitybdd.screenplay.Actor.attemptsTo(Actor.java:171)
	at co.com.choucair.certification.retolatam.stepdefinitions.ConsultaVuelosStepDefinitions.checkAvailableFlights(ConsultaVuelosStepDefinitions.java:27)
	at ✽.check available flights(src/test/resources/features/consultaVuelosLatam.feature:10)
</failure>
  </testcase>
  <testcase name="flights consultant in LATAM" classname="consultaVuelosLatam" time="24.678">
    <failure message="org.openqa.selenium.ElementNotInteractableException: element not interactable&#10;  (Session info: chrome=100.0.4896.127)&#10;Build info: version: '3.141.59', revision: 'e82be7d358', time: '2018-11-14T08:17:03'&#10;System info: host: 'DESKTOP-1EP5HQ0', ip: '192.168.1.24', os.name: 'Windows 10', os.arch: 'amd64', os.version: '10.0', java.version: '1.8.0_131'&#10;Driver info: org.openqa.selenium.chrome.ChromeDriver&#10;Capabilities {acceptInsecureCerts: false, browserName: chrome, browserVersion: 100.0.4896.127, chrome: {chromedriverVersion: 100.0.4896.60 (6a5d10861ce8..., userDataDir: C:\Users\user\AppData\Local...}, goog:chromeOptions: {debuggerAddress: localhost:52456}, javascriptEnabled: true, networkConnectionEnabled: false, pageLoadStrategy: normal, platform: WINDOWS, platformName: WINDOWS, proxy: Proxy(), setWindowRect: true, strictFileInteractability: false, timeouts: {implicit: 0, pageLoad: 300000, script: 30000}, unhandledPromptBehavior: dismiss and notify, webauthn:extension:credBlob: true, webauthn:extension:largeBlob: true, webauthn:virtualAuthenticators: true}&#10;Session ID: 1aa8544b93200f18a49881a094d92330" type="org.openqa.selenium.ElementNotInteractableException">org.openqa.selenium.ElementNotInteractableException: element not interactable
  (Session info: chrome=100.0.4896.127)
Build info: version: '3.141.59', revision: 'e82be7d358', time: '2018-11-14T08:17:03'
System info: host: 'DESKTOP-1EP5HQ0', ip: '192.168.1.24', os.name: 'Windows 10', os.arch: 'amd64', os.version: '10.0', java.version: '1.8.0_131'
Driver info: org.openqa.selenium.chrome.ChromeDriver
Capabilities {acceptInsecureCerts: false, browserName: chrome, browserVersion: 100.0.4896.127, chrome: {chromedriverVersion: 100.0.4896.60 (6a5d10861ce8..., userDataDir: C:\Users\user\AppData\Local...}, goog:chromeOptions: {debuggerAddress: localhost:52456}, javascriptEnabled: true, networkConnectionEnabled: false, pageLoadStrategy: normal, platform: WINDOWS, platformName: WINDOWS, proxy: Proxy(), setWindowRect: true, strictFileInteractability: false, timeouts: {implicit: 0, pageLoad: 300000, script: 30000}, unhandledPromptBehavior: dismiss and notify, webauthn:extension:credBlob: true, webauthn:extension:largeBlob: true, webauthn:virtualAuthenticators: true}
Session ID: 1aa8544b93200f18a49881a094d92330
	at sun.reflect.NativeConstructorAccessorImpl.newInstance0(Native Method)
	at sun.reflect.NativeConstructorAccessorImpl.newInstance(NativeConstructorAccessorImpl.java:62)
	at sun.reflect.DelegatingConstructorAccessorImpl.newInstance(DelegatingConstructorAccessorImpl.java:45)
	at java.lang.reflect.Constructor.newInstance(Constructor.java:423)
	at org.openqa.selenium.remote.http.W3CHttpResponseCodec.createException(W3CHttpResponseCodec.java:187)
	at org.openqa.selenium.remote.http.W3CHttpResponseCodec.decode(W3CHttpResponseCodec.java:122)
	at org.openqa.selenium.remote.http.W3CHttpResponseCodec.decode(W3CHttpResponseCodec.java:49)
	at org.openqa.selenium.remote.HttpCommandExecutor.execute(HttpCommandExecutor.java:158)
	at org.openqa.selenium.remote.service.DriverCommandExecutor.execute(DriverCommandExecutor.java:83)
	at org.openqa.selenium.remote.RemoteWebDriver.execute(RemoteWebDriver.java:552)
	at org.openqa.selenium.remote.RemoteWebElement.execute(RemoteWebElement.java:285)
	at org.openqa.selenium.remote.RemoteWebElement.click(RemoteWebElement.java:84)
	at net.serenitybdd.core.pages.WebElementFacadeImpl.click(WebElementFacadeImpl.java:1231)
	at net.serenitybdd.screenplay.actions.ClickOnTarget.performAs(ClickOnTarget.java:13)
	at net.serenitybdd.screenplay.actions.ClickOnTarget$ByteBuddy$X74fYw5i.performAs$accessor$h9EABzVz(Unknown Source)
	at sun.reflect.NativeMethodAccessorImpl.invoke0(Native Method)
	at sun.reflect.NativeMethodAccessorImpl.invoke(NativeMethodAccessorImpl.java:62)
	at sun.reflect.DelegatingMethodAccessorImpl.invoke(DelegatingMethodAccessorImpl.java:43)
	at java.lang.reflect.Method.invoke(Method.java:498)
	at net.thucydides.core.steps.StepInterceptor.invokeMethod(StepInterceptor.java:471)
	at net.thucydides.core.steps.StepInterceptor.executeTestStepMethod(StepInterceptor.java:451)
	at net.thucydides.core.steps.StepInterceptor.runTestStep(StepInterceptor.java:424)
	at net.thucydides.core.steps.StepInterceptor.runOrSkipMethod(StepInterceptor.java:180)
	at net.thucydides.core.steps.StepInterceptor.testStepResult(StepInterceptor.java:167)
	at net.thucydides.core.steps.StepInterceptor.intercept(StepInterceptor.java:75)
	at net.serenitybdd.screenplay.actions.ClickOnTarget$ByteBuddy$X74fYw5i.performAs(Unknown Source)
	at net.serenitybdd.screenplay.Actor.performTask(Actor.java:233)
	at net.serenitybdd.screenplay.Actor.perform(Actor.java:214)
	at net.serenitybdd.screenplay.Actor.attemptsTo(Actor.java:171)
	at co.com.choucair.certification.retolatam.taks.ConsultaVuelosLatam.performAs(ConsultaVuelosLatam.java:32)
	at co.com.choucair.certification.retolatam.taks.ConsultaVuelosLatam$ByteBuddy$7AuxJ3uv.performAs$accessor$A5faUPUk(Unknown Source)
	at sun.reflect.NativeMethodAccessorImpl.invoke0(Native Method)
	at sun.reflect.NativeMethodAccessorImpl.invoke(NativeMethodAccessorImpl.java:62)
	at sun.reflect.DelegatingMethodAccessorImpl.invoke(DelegatingMethodAccessorImpl.java:43)
	at java.lang.reflect.Method.invoke(Method.java:498)
	at net.thucydides.core.steps.StepInterceptor.invokeMethod(StepInterceptor.java:471)
	at net.thucydides.core.steps.StepInterceptor.executeTestStepMethod(StepInterceptor.java:451)
	at net.thucydides.core.steps.StepInterceptor.runTestStep(StepInterceptor.java:424)
	at net.thucydides.core.steps.StepInterceptor.runOrSkipMethod(StepInterceptor.java:180)
	at net.thucydides.core.steps.StepInterceptor.testStepResult(StepInterceptor.java:167)
	at net.thucydides.core.steps.StepInterceptor.intercept(StepInterceptor.java:75)
	at co.com.choucair.certification.retolatam.taks.ConsultaVuelosLatam$ByteBuddy$7AuxJ3uv.performAs(Unknown Source)
	at net.serenitybdd.screenplay.Actor.performTask(Actor.java:233)
	at net.serenitybdd.screenplay.Actor.perform(Actor.java:214)
	at net.serenitybdd.screenplay.Actor.attemptsTo(Actor.java:171)
	at co.com.choucair.certification.retolatam.stepdefinitions.ConsultaVuelosStepDefinitions.checkAvailableFlights(ConsultaVuelosStepDefinitions.java:27)
	at ✽.check available flights(src/test/resources/features/consultaVuelosLatam.feature:10)
</failure>
  </testcase>
  <system-out><![CDATA[]]></system-out>
  <system-err><![CDATA[[Test worker] WARN net.thucydides.core.steps.BaseStepListener - stepStarted: net.thucydides.core.steps.ExecutedStepDescription@33a6d3e8
[Test worker] WARN net.thucydides.core.steps.BaseStepListener - stepStarted: net.thucydides.core.steps.ExecutedStepDescription@763b5671
[Test worker] WARN net.thucydides.core.steps.BaseStepListener - stepStarted: net.thucydides.core.steps.ExecutedStepDescription@4505e65f
may 03, 2022 1:09:15 AM org.openqa.selenium.remote.DesiredCapabilities chrome
INFORMACIÓN: Using `new ChromeOptions()` is preferred to `DesiredCapabilities.chrome()`
[Test worker] INFO net.serenitybdd.core.webdriver.driverproviders.ProvideNewDriver - Instantiating driver
[Test worker] INFO net.serenitybdd.core.webdriver.driverproviders.ProvideNewDriver - Driver capabilities: Capabilities {acceptInsecureCerts: false, browserName: chrome, chrome.switches: --start-maximized, goog:chromeOptions: {args: [--start-maximized], extensions: []}, loggingPrefs: org.openqa.selenium.logging..., platform: ANY, version: }
Starting ChromeDriver 100.0.4896.60 (6a5d10861ce8de5fce22564658033b43cb7de047-refs/branch-heads/4896@{#875}) on port 32148
Only local connections are allowed.
Please see https://chromedriver.chromium.org/security-considerations for suggestions on keeping ChromeDriver safe.
ChromeDriver was started successfully.
may 03, 2022 1:09:20 AM org.openqa.selenium.remote.ProtocolHandshake createSession
INFORMACIÓN: Detected dialect: W3C
[Test worker] WARN net.thucydides.core.steps.BaseStepListener - stepFinished: current outcome:flights consultant in LATAM:Example: {trayecto=Solo ida, origen=Pereira, destino=Medellín, MDE - Colombia, idafecha=mié. 1 de jun, vueltafecha=vie. 3 de jun} [Given LATAM Airlines Customer [Fernando open up [Fernando opens the Open latam page]]]
[Test worker] WARN net.thucydides.core.steps.BaseStepListener - stepFinished: current outcome:flights consultant in LATAM:Example: {trayecto=Solo ida, origen=Pereira, destino=Medellín, MDE - Colombia, idafecha=mié. 1 de jun, vueltafecha=vie. 3 de jun} [Given LATAM Airlines Customer [Fernando open up [Fernando opens the Open latam page]]]
[Test worker] WARN net.thucydides.core.steps.BaseStepListener - stepFinished: current outcome:flights consultant in LATAM:Example: {trayecto=Solo ida, origen=Pereira, destino=Medellín, MDE - Colombia, idafecha=mié. 1 de jun, vueltafecha=vie. 3 de jun} [Given LATAM Airlines Customer [Fernando open up [Fernando opens the Open latam page]]]
[Test worker] WARN net.thucydides.core.steps.BaseStepListener - stepStarted: net.thucydides.core.steps.ExecutedStepDescription@45923def
[Test worker] WARN net.thucydides.core.steps.BaseStepListener - stepStarted: net.thucydides.core.steps.ExecutedStepDescription@30e7dd11
[Test worker] WARN net.thucydides.core.steps.BaseStepListener - stepStarted: net.thucydides.core.steps.ExecutedStepDescription@23d37e91
[Test worker] WARN net.thucydides.core.steps.BaseStepListener - stepFinished: current outcome:flights consultant in LATAM:Example: {trayecto=Solo ida, origen=Pereira, destino=Medellín, MDE - Colombia, idafecha=mié. 1 de jun, vueltafecha=vie. 3 de jun} [Given LATAM Airlines Customer [Fernando open up [Fernando opens the Open latam page]], When check available flights
| trayecto | origen | destino | idafecha | vueltafecha |
| Solo ida | Pereira | Medellín, MDE - Colombia | mié. 1 de jun | vie. 3 de jun | [Fernando consulta vuelos latam [Fernando clicks on click on round trip option]]]
[Test worker] WARN net.thucydides.core.steps.BaseStepListener - stepStarted: net.thucydides.core.steps.ExecutedStepDescription@739aa22f
[Test worker] WARN net.thucydides.core.steps.BaseStepListener - stepFinished: current outcome:flights consultant in LATAM:Example: {trayecto=Solo ida, origen=Pereira, destino=Medellín, MDE - Colombia, idafecha=mié. 1 de jun, vueltafecha=vie. 3 de jun} [Given LATAM Airlines Customer [Fernando open up [Fernando opens the Open latam page]], When check available flights
| trayecto | origen | destino | idafecha | vueltafecha |
| Solo ida | Pereira | Medellín, MDE - Colombia | mié. 1 de jun | vie. 3 de jun | [Fernando consulta vuelos latam [Fernando clicks on click on round trip option, Fernando clicks on click go option]]]
[Test worker] WARN net.thucydides.core.steps.BaseStepListener - stepStarted: net.thucydides.core.steps.ExecutedStepDescription@5cfcb4ab
[Test worker] WARN net.thucydides.core.steps.BaseStepListener - stepFinished: current outcome:flights consultant in LATAM:Example: {trayecto=Solo ida, origen=Pereira, destino=Medellín, MDE - Colombia, idafecha=mié. 1 de jun, vueltafecha=vie. 3 de jun} [Given LATAM Airlines Customer [Fernando open up [Fernando opens the Open latam page]], When check available flights
| trayecto | origen | destino | idafecha | vueltafecha |
| Solo ida | Pereira | Medellín, MDE - Colombia | mié. 1 de jun | vie. 3 de jun | [Fernando consulta vuelos latam [Fernando clicks on click on round trip option, Fernando clicks on click go option, Fernando enters 'Pereira' into click on round trip option]]]
[Test worker] WARN net.thucydides.core.steps.BaseStepListener - stepStarted: net.thucydides.core.steps.ExecutedStepDescription@f123b1d
[Test worker] WARN net.thucydides.core.steps.BaseStepListener - stepFinished: current outcome:flights consultant in LATAM:Example: {trayecto=Solo ida, origen=Pereira, destino=Medellín, MDE - Colombia, idafecha=mié. 1 de jun, vueltafecha=vie. 3 de jun} [Given LATAM Airlines Customer [Fernando open up [Fernando opens the Open latam page]], When check available flights
| trayecto | origen | destino | idafecha | vueltafecha |
| Solo ida | Pereira | Medellín, MDE - Colombia | mié. 1 de jun | vie. 3 de jun | [Fernando consulta vuelos latam [Fernando clicks on click on round trip option, Fernando clicks on click go option, Fernando enters 'Pereira' into click on round trip option, Fernando enters 'Pereira' into click on round trip option]]]
[Test worker] WARN net.thucydides.core.steps.BaseStepListener - stepStarted: net.thucydides.core.steps.ExecutedStepDescription@ebce12e
[Test worker] WARN net.thucydides.core.steps.BaseStepListener - stepStarted: net.thucydides.core.steps.ExecutedStepDescription@442040c0
[Test worker] WARN net.thucydides.core.steps.BaseStepListener - testFinished: flights consultant in LATAM:Example: {trayecto=Solo ida, origen=Pereira, destino=Medellín, MDE - Colombia, idafecha=mié. 1 de jun, vueltafecha=vie. 3 de jun} [Given LATAM Airlines Customer [Fernando open up [Fernando opens the Open latam page]], When check available flights
| trayecto | origen | destino | idafecha | vueltafecha |
| Solo ida | Pereira | Medellín, MDE - Colombia | mié. 1 de jun | vie. 3 de jun | [Fernando consulta vuelos latam [Fernando clicks on click on round trip option, Fernando clicks on click go option, Fernando enters 'Pereira' into click on round trip option, Fernando enters 'Pereira' into click on round trip option, Fernando clicks on click on round trip option]]], Then Know the options and prices that they offer me
[Test worker] WARN net.thucydides.core.steps.BaseStepListener - TestOutcomes: [flights consultant in LATAM:Example: {trayecto=Solo ida, origen=Pereira, destino=Medellín, MDE - Colombia, idafecha=mié. 1 de jun, vueltafecha=vie. 3 de jun} [Given LATAM Airlines Customer [Fernando open up [Fernando opens the Open latam page]], When check available flights
| trayecto | origen | destino | idafecha | vueltafecha |
| Solo ida | Pereira | Medellín, MDE - Colombia | mié. 1 de jun | vie. 3 de jun | [Fernando consulta vuelos latam [Fernando clicks on click on round trip option, Fernando clicks on click go option, Fernando enters 'Pereira' into click on round trip option, Fernando enters 'Pereira' into click on round trip option, Fernando clicks on click on round trip option]]], Then Know the options and prices that they offer me]
[Test worker] WARN net.thucydides.core.steps.BaseStepListener - Final testOutcomes: [flights consultant in LATAM:Example: {trayecto=Solo ida, origen=Pereira, destino=Medellín, MDE - Colombia, idafecha=mié. 1 de jun, vueltafecha=vie. 3 de jun} [Given LATAM Airlines Customer [Fernando open up [Fernando opens the Open latam page]], When check available flights
| trayecto | origen | destino | idafecha | vueltafecha |
| Solo ida | Pereira | Medellín, MDE - Colombia | mié. 1 de jun | vie. 3 de jun | [Fernando consulta vuelos latam [Fernando clicks on click on round trip option, Fernando clicks on click go option, Fernando enters 'Pereira' into click on round trip option, Fernando enters 'Pereira' into click on round trip option, Fernando clicks on click on round trip option]]], Then Know the options and prices that they offer me]
[Test worker] ERROR net.thucydides.core.steps.ConsoleLoggingListener - 
           __  _____ _____ ____ _____   _____ _    ___ _     _____ ____  
  _       / / |_   _| ____/ ___|_   _| |  ___/ \  |_ _| |   | ____|  _ \ 
 (_)_____| |    | | |  _| \___ \ | |   | |_ / _ \  | || |   |  _| | | | |
  _|_____| |    | | | |___ ___) || |   |  _/ ___ \ | || |___| |___| |_| |
 (_)     | |    |_| |_____|____/ |_|   |_|/_/   \_\___|_____|_____|____/ 
          \_\                                                            

TEST FAILED WITH ERROR: flights consultant in LATAM
---------------------------------------------------------------------
[Test worker] ERROR net.thucydides.core.steps.ConsoleLoggingListener - TEST FAILED AT STEP Fernando clicks on click on round trip option
[Test worker] ERROR net.thucydides.core.steps.ConsoleLoggingListener - element not interactable
[Test worker] WARN net.thucydides.core.steps.BaseStepListener - stepStarted: net.thucydides.core.steps.ExecutedStepDescription@3583ed77
[Test worker] WARN net.thucydides.core.steps.BaseStepListener - stepStarted: net.thucydides.core.steps.ExecutedStepDescription@479ce991
[Test worker] WARN net.thucydides.core.steps.BaseStepListener - stepStarted: net.thucydides.core.steps.ExecutedStepDescription@5fbb3f0a
may 03, 2022 1:09:42 AM org.openqa.selenium.remote.DesiredCapabilities chrome
INFORMACIÓN: Using `new ChromeOptions()` is preferred to `DesiredCapabilities.chrome()`
[Test worker] INFO net.serenitybdd.core.webdriver.driverproviders.ProvideNewDriver - Instantiating driver
[Test worker] INFO net.serenitybdd.core.webdriver.driverproviders.ProvideNewDriver - Driver capabilities: Capabilities {acceptInsecureCerts: false, browserName: chrome, chrome.switches: --start-maximized, goog:chromeOptions: {args: [--start-maximized], extensions: []}, loggingPrefs: org.openqa.selenium.logging..., platform: ANY, version: }
Starting ChromeDriver 100.0.4896.60 (6a5d10861ce8de5fce22564658033b43cb7de047-refs/branch-heads/4896@{#875}) on port 43957
Only local connections are allowed.
Please see https://chromedriver.chromium.org/security-considerations for suggestions on keeping ChromeDriver safe.
ChromeDriver was started successfully.
may 03, 2022 1:09:45 AM org.openqa.selenium.remote.ProtocolHandshake createSession
INFORMACIÓN: Detected dialect: W3C
[Test worker] WARN net.thucydides.core.steps.BaseStepListener - stepFinished: current outcome:flights consultant in LATAM:Example: {trayecto=Solo ida, origen=Pereira, destino=Medellín, MDE - Colombia, idafecha=mié. 1 de jun, vueltafecha=vie. 3 de jun} [Given LATAM Airlines Customer [Fernando open up [Fernando opens the Open latam page]], When check available flights
| trayecto | origen | destino | idafecha | vueltafecha |
| Solo ida | Pereira | Medellín, MDE - Colombia | mié. 1 de jun | vie. 3 de jun | [Fernando consulta vuelos latam [Fernando clicks on click on round trip option, Fernando clicks on click go option, Fernando enters 'Pereira' into click on round trip option, Fernando enters 'Pereira' into click on round trip option, Fernando clicks on click on round trip option]]], Then Know the options and prices that they offer me, Example: {trayecto=Ida y Vuelta, origen=Pereira, PEI - Colombia, destino=Medellín, MDE - Colombia, idafecha=mié. 1 de jun, vueltafecha=vie. 3 de jun} [Given LATAM Airlines Customer [Fernando open up [Fernando opens the Open latam page]]]
[Test worker] WARN net.thucydides.core.steps.BaseStepListener - stepFinished: current outcome:flights consultant in LATAM:Example: {trayecto=Solo ida, origen=Pereira, destino=Medellín, MDE - Colombia, idafecha=mié. 1 de jun, vueltafecha=vie. 3 de jun} [Given LATAM Airlines Customer [Fernando open up [Fernando opens the Open latam page]], When check available flights
| trayecto | origen | destino | idafecha | vueltafecha |
| Solo ida | Pereira | Medellín, MDE - Colombia | mié. 1 de jun | vie. 3 de jun | [Fernando consulta vuelos latam [Fernando clicks on click on round trip option, Fernando clicks on click go option, Fernando enters 'Pereira' into click on round trip option, Fernando enters 'Pereira' into click on round trip option, Fernando clicks on click on round trip option]]], Then Know the options and prices that they offer me, Example: {trayecto=Ida y Vuelta, origen=Pereira, PEI - Colombia, destino=Medellín, MDE - Colombia, idafecha=mié. 1 de jun, vueltafecha=vie. 3 de jun} [Given LATAM Airlines Customer [Fernando open up [Fernando opens the Open latam page]]]
[Test worker] WARN net.thucydides.core.steps.BaseStepListener - stepFinished: current outcome:flights consultant in LATAM:Example: {trayecto=Solo ida, origen=Pereira, destino=Medellín, MDE - Colombia, idafecha=mié. 1 de jun, vueltafecha=vie. 3 de jun} [Given LATAM Airlines Customer [Fernando open up [Fernando opens the Open latam page]], When check available flights
| trayecto | origen | destino | idafecha | vueltafecha |
| Solo ida | Pereira | Medellín, MDE - Colombia | mié. 1 de jun | vie. 3 de jun | [Fernando consulta vuelos latam [Fernando clicks on click on round trip option, Fernando clicks on click go option, Fernando enters 'Pereira' into click on round trip option, Fernando enters 'Pereira' into click on round trip option, Fernando clicks on click on round trip option]]], Then Know the options and prices that they offer me, Example: {trayecto=Ida y Vuelta, origen=Pereira, PEI - Colombia, destino=Medellín, MDE - Colombia, idafecha=mié. 1 de jun, vueltafecha=vie. 3 de jun} [Given LATAM Airlines Customer [Fernando open up [Fernando opens the Open latam page]]]
[Test worker] WARN net.thucydides.core.steps.BaseStepListener - stepStarted: net.thucydides.core.steps.ExecutedStepDescription@5e034281
[Test worker] WARN net.thucydides.core.steps.BaseStepListener - stepStarted: net.thucydides.core.steps.ExecutedStepDescription@79927391
[Test worker] WARN net.thucydides.core.steps.BaseStepListener - stepStarted: net.thucydides.core.steps.ExecutedStepDescription@574f944
[Test worker] WARN net.thucydides.core.steps.BaseStepListener - stepFinished: current outcome:flights consultant in LATAM:Example: {trayecto=Solo ida, origen=Pereira, destino=Medellín, MDE - Colombia, idafecha=mié. 1 de jun, vueltafecha=vie. 3 de jun} [Given LATAM Airlines Customer [Fernando open up [Fernando opens the Open latam page]], When check available flights
| trayecto | origen | destino | idafecha | vueltafecha |
| Solo ida | Pereira | Medellín, MDE - Colombia | mié. 1 de jun | vie. 3 de jun | [Fernando consulta vuelos latam [Fernando clicks on click on round trip option, Fernando clicks on click go option, Fernando enters 'Pereira' into click on round trip option, Fernando enters 'Pereira' into click on round trip option, Fernando clicks on click on round trip option]]], Then Know the options and prices that they offer me, Example: {trayecto=Ida y Vuelta, origen=Pereira, PEI - Colombia, destino=Medellín, MDE - Colombia, idafecha=mié. 1 de jun, vueltafecha=vie. 3 de jun} [Given LATAM Airlines Customer [Fernando open up [Fernando opens the Open latam page]], When check available flights
| trayecto | origen | destino | idafecha | vueltafecha |
| Ida y Vuelta | Pereira, PEI - Colombia | Medellín, MDE - Colombia | mié. 1 de jun | vie. 3 de jun | [Fernando consulta vuelos latam [Fernando clicks on click on round trip option]]]
[Test worker] WARN net.thucydides.core.steps.BaseStepListener - stepStarted: net.thucydides.core.steps.ExecutedStepDescription@326103c7
[Test worker] WARN net.thucydides.core.steps.BaseStepListener - stepFinished: current outcome:flights consultant in LATAM:Example: {trayecto=Solo ida, origen=Pereira, destino=Medellín, MDE - Colombia, idafecha=mié. 1 de jun, vueltafecha=vie. 3 de jun} [Given LATAM Airlines Customer [Fernando open up [Fernando opens the Open latam page]], When check available flights
| trayecto | origen | destino | idafecha | vueltafecha |
| Solo ida | Pereira | Medellín, MDE - Colombia | mié. 1 de jun | vie. 3 de jun | [Fernando consulta vuelos latam [Fernando clicks on click on round trip option, Fernando clicks on click go option, Fernando enters 'Pereira' into click on round trip option, Fernando enters 'Pereira' into click on round trip option, Fernando clicks on click on round trip option]]], Then Know the options and prices that they offer me, Example: {trayecto=Ida y Vuelta, origen=Pereira, PEI - Colombia, destino=Medellín, MDE - Colombia, idafecha=mié. 1 de jun, vueltafecha=vie. 3 de jun} [Given LATAM Airlines Customer [Fernando open up [Fernando opens the Open latam page]], When check available flights
| trayecto | origen | destino | idafecha | vueltafecha |
| Ida y Vuelta | Pereira, PEI - Colombia | Medellín, MDE - Colombia | mié. 1 de jun | vie. 3 de jun | [Fernando consulta vuelos latam [Fernando clicks on click on round trip option, Fernando clicks on click on round trip option]]]
[Test worker] WARN net.thucydides.core.steps.BaseStepListener - stepStarted: net.thucydides.core.steps.ExecutedStepDescription@3f478cd7
[Test worker] WARN net.thucydides.core.steps.BaseStepListener - stepFinished: current outcome:flights consultant in LATAM:Example: {trayecto=Solo ida, origen=Pereira, destino=Medellín, MDE - Colombia, idafecha=mié. 1 de jun, vueltafecha=vie. 3 de jun} [Given LATAM Airlines Customer [Fernando open up [Fernando opens the Open latam page]], When check available flights
| trayecto | origen | destino | idafecha | vueltafecha |
| Solo ida | Pereira | Medellín, MDE - Colombia | mié. 1 de jun | vie. 3 de jun | [Fernando consulta vuelos latam [Fernando clicks on click on round trip option, Fernando clicks on click go option, Fernando enters 'Pereira' into click on round trip option, Fernando enters 'Pereira' into click on round trip option, Fernando clicks on click on round trip option]]], Then Know the options and prices that they offer me, Example: {trayecto=Ida y Vuelta, origen=Pereira, PEI - Colombia, destino=Medellín, MDE - Colombia, idafecha=mié. 1 de jun, vueltafecha=vie. 3 de jun} [Given LATAM Airlines Customer [Fernando open up [Fernando opens the Open latam page]], When check available flights
| trayecto | origen | destino | idafecha | vueltafecha |
| Ida y Vuelta | Pereira, PEI - Colombia | Medellín, MDE - Colombia | mié. 1 de jun | vie. 3 de jun | [Fernando consulta vuelos latam [Fernando clicks on click on round trip option, Fernando clicks on click on round trip option, Fernando enters 'Pereira, PEI - Colombia' into click on round trip option]]]
[Test worker] WARN net.thucydides.core.steps.BaseStepListener - stepStarted: net.thucydides.core.steps.ExecutedStepDescription@2b8ed288
[Test worker] WARN net.thucydides.core.steps.BaseStepListener - stepFinished: current outcome:flights consultant in LATAM:Example: {trayecto=Solo ida, origen=Pereira, destino=Medellín, MDE - Colombia, idafecha=mié. 1 de jun, vueltafecha=vie. 3 de jun} [Given LATAM Airlines Customer [Fernando open up [Fernando opens the Open latam page]], When check available flights
| trayecto | origen | destino | idafecha | vueltafecha |
| Solo ida | Pereira | Medellín, MDE - Colombia | mié. 1 de jun | vie. 3 de jun | [Fernando consulta vuelos latam [Fernando clicks on click on round trip option, Fernando clicks on click go option, Fernando enters 'Pereira' into click on round trip option, Fernando enters 'Pereira' into click on round trip option, Fernando clicks on click on round trip option]]], Then Know the options and prices that they offer me, Example: {trayecto=Ida y Vuelta, origen=Pereira, PEI - Colombia, destino=Medellín, MDE - Colombia, idafecha=mié. 1 de jun, vueltafecha=vie. 3 de jun} [Given LATAM Airlines Customer [Fernando open up [Fernando opens the Open latam page]], When check available flights
| trayecto | origen | destino | idafecha | vueltafecha |
| Ida y Vuelta | Pereira, PEI - Colombia | Medellín, MDE - Colombia | mié. 1 de jun | vie. 3 de jun | [Fernando consulta vuelos latam [Fernando clicks on click on round trip option, Fernando clicks on click on round trip option, Fernando enters 'Pereira, PEI - Colombia' into click on round trip option, Fernando enters 'Pereira, PEI - Colombia' into click on round trip option]]]
[Test worker] WARN net.thucydides.core.steps.BaseStepListener - stepStarted: net.thucydides.core.steps.ExecutedStepDescription@b52f215
[Test worker] WARN net.thucydides.core.steps.BaseStepListener - stepStarted: net.thucydides.core.steps.ExecutedStepDescription@48b790eb
]]></system-err>
</testsuite>
